proguard/mapping.txt
com.android.tomatotask.Task.DrawLine -> com.android.tomatotask.Task.DrawLine:
    android.graphics.Paint ePaint -> a
    void onDraw(android.graphics.Canvas) -> onDraw
com.android.tomatotask.Task.EditActivity -> com.android.tomatotask.Task.EditActivity:
    android.widget.Button cancelButton -> a
    java.lang.String content -> b
    android.content.Context context -> c
    java.lang.String date -> d
    com.android.tomatotask.Task.Date dateNow -> e
    android.widget.EditText editText -> f
    java.lang.String id -> g
    android.widget.Button sureButton -> h
    android.widget.TextView textView -> i
    void onCreate(android.os.Bundle) -> onCreate
    android.content.Context access$0(com.android.tomatotask.Task.EditActivity) -> a
    android.widget.EditText access$1(com.android.tomatotask.Task.EditActivity) -> b
    java.lang.String access$2(com.android.tomatotask.Task.EditActivity) -> c
    java.lang.String access$3(com.android.tomatotask.Task.EditActivity) -> d
com.android.tomatotask.Task.EditActivity$1 -> com.android.tomatotask.Task.c:
    com.android.tomatotask.Task.EditActivity this$0 -> a
    void onClick(android.view.View) -> onClick
com.android.tomatotask.Task.EditActivity$2 -> com.android.tomatotask.Task.d:
    com.android.tomatotask.Task.EditActivity this$0 -> a
    void onClick(android.view.View) -> onClick
com.android.tomatotask.Task.Notepad -> com.android.tomatotask.Task.e:
    java.lang.String content -> a
    java.lang.String data -> b
    java.lang.String id -> c
    java.lang.String title -> d
    java.lang.String getContent() -> a
    java.lang.String getTitle() -> b
    java.lang.String getdata() -> c
    java.lang.String getid() -> d
    void setContent(java.lang.String) -> a
    void setTitle(java.lang.String) -> b
    void setdata(java.lang.String) -> c
    void setid(java.lang.String) -> d
com.android.tomatotask.Task.NotepadAdapter -> com.android.tomatotask.Task.f:
    android.app.Activity activity -> a
    android.content.Context context -> b
    android.view.LayoutInflater inflater -> c
    java.util.ArrayList list -> d
    com.android.tomatotask.TaskFragment taskFragment -> e
    int getCount() -> getCount
    java.lang.Object getItem(int) -> getItem
    long getItemId(int) -> getItemId
    android.view.View getView(int,android.view.View,android.view.ViewGroup) -> getView
com.android.tomatotask.Task.NotepadAdapter$DeleteButtonListener -> com.android.tomatotask.Task.g:
    int position -> b
    com.android.tomatotask.Task.NotepadAdapter this$0 -> a
    void onClick(android.view.View) -> onClick
    int access$0(com.android.tomatotask.Task.NotepadAdapter$DeleteButtonListener) -> a
    com.android.tomatotask.Task.NotepadAdapter access$1(com.android.tomatotask.Task.NotepadAdapter$DeleteButtonListener) -> b
com.android.tomatotask.Task.NotepadAdapter$DeleteButtonListener$1 -> com.android.tomatotask.Task.h:
    com.android.tomatotask.Task.NotepadAdapter$DeleteButtonListener this$1 -> a
    void onClick(android.content.DialogInterface,int) -> onClick
com.android.tomatotask.Task.NotepadAdapter$DeleteButtonListener$2 -> com.android.tomatotask.Task.i:
    com.android.tomatotask.Task.NotepadAdapter$DeleteButtonListener this$1 -> a
    void onClick(android.content.DialogInterface,int) -> onClick
com.android.tomatotask.Task.NotepadAdapter$SetEdit -> com.android.tomatotask.Task.j:
    android.widget.Button cancelButton -> a
    java.lang.String content -> b
    java.lang.String date -> c
    com.android.tomatotask.Task.Date dateNow -> d
    android.widget.EditText editText -> e
    java.lang.String id -> f
    android.widget.RelativeLayout layout -> g
    android.widget.Button sureButton -> h
    android.widget.TextView textView -> i
    com.android.tomatotask.Task.NotepadAdapter this$0 -> j