proguard/usage.txt
cn.doubao.tomatotask.BuildConfig
cn.doubao.tomatotask.R
cn.doubao.tomatotask.R$anim
cn.doubao.tomatotask.R$array
cn.doubao.tomatotask.R$attr
cn.doubao.tomatotask.R$color
cn.doubao.tomatotask.R$dimen
cn.doubao.tomatotask.R$drawable
cn.doubao.tomatotask.R$id
cn.doubao.tomatotask.R$integer
cn.doubao.tomatotask.R$layout
cn.doubao.tomatotask.R$menu
cn.doubao.tomatotask.R$string
cn.doubao.tomatotask.R$style
cn.doubao.tomatotask.R$xml
...
android.support.v4.app.FragmentTabHost$TabInfo:
    67:71:FragmentTabHost$TabInfo(java.lang.String,java.lang.Class,android.os.Bundle)
android.support.v4.app.FragmentTransaction:
    public static final int TRANSIT_ENTER_MASK
    public static final int TRANSIT_EXIT_MASK
    public static final int TRANSIT_UNSET
    public static final int TRANSIT_NONE
    public static final int TRANSIT_FRAGMENT_OPEN
    public static final int TRANSIT_FRAGMENT_CLOSE
    public static final int TRANSIT_FRAGMENT_FADE
    public abstract android.support.v4.app.FragmentTransaction add(android.support.v4.app.Fragment,java.lang.String)
    public abstract android.support.v4.app.FragmentTransaction add(int,android.support.v4.app.Fragment)
    public abstract android.support.v4.app.FragmentTransaction replace(int,android.support.v4.app.Fragment)
    public abstract android.support.v4.app.FragmentTransaction replace(int,android.support.v4.app.Fragment,java.lang.String)
    public abstract android.support.v4.app.FragmentTransaction remove(android.support.v4.app.Fragment)
    public abstract android.support.v4.app.FragmentTransaction hide(android.support.v4.app.Fragment)
    public abstract android.support.v4.app.FragmentTransaction show(android.support.v4.app.Fragment)
    public abstract boolean isEmpty()
    public abstract android.support.v4.app.FragmentTransaction setCustomAnimations(int,int)
    public abstract android.support.v4.app.FragmentTransaction setCustomAnimations(int,int,int,int)
    public abstract android.support.v4.app.FragmentTransaction setTransition(int)
android.support.v4.app.ListFragment
android.support.v4.app.ListFragment$1
android.support.v4.app.ListFragment$2
android.support.v4.app.LoaderManager:
    public abstract android.support.v4.content.Loader initLoader(int,android.os.Bundle,android.support.v4.app.LoaderManager$LoaderCallbacks)
    public abstract android.support.v4.content.Loader restartLoader(int,android.os.Bundle,android.support.v4.app.LoaderManager$LoaderCallbacks)
    public abstract void destroyLoader(int)
    public abstract android.support.v4.content.Loader getLoader(int)
    public abstract void dump(java.lang.String,java.io.FileDescriptor,java.io.PrintWriter,java.lang.String[])
    177:178:public static void enableDebugLogging(boolean)
android.support.v4.app.LoaderManagerImpl:
    static final java.lang.String TAG
    boolean mRetainingStarted
    boolean mCreatingLoader
    489:492:private android.support.v4.app.LoaderManagerImpl$LoaderInfo createLoader(int,android.os.Bundle,android.support.v4.app.LoaderManager$LoaderCallbacks)
    498:503:private android.support.v4.app.LoaderManagerImpl$LoaderInfo createAndInstallLoader(int,android.os.Bundle,android.support.v4.app.LoaderManager$LoaderCallbacks)
    508:515:void installLoader(android.support.v4.app.LoaderManagerImpl$LoaderInfo)
    543:565:public android.support.v4.content.Loader initLoader(int,android.os.Bundle,android.support.v4.app.LoaderManager$LoaderCallbacks)
    593:647:public android.support.v4.content.Loader restartLoader(int,android.os.Bundle,android.support.v4.app.LoaderManager$LoaderCallbacks)
    658:678:public void destroyLoader(int)
    686:697:public android.support.v4.content.Loader getLoader(int)
android.support.v4.app.LoaderManagerImpl$LoaderInfo:
    228:232:public LoaderManagerImpl$LoaderInfo(android.support.v4.app.LoaderManagerImpl,int,android.os.Bundle,android.support.v4.app.LoaderManager$LoaderCallbacks)
    362:415:public void onLoadComplete(android.support.v4.content.Loader,java.lang.Object)
android.support.v4.app.NavUtils
android.support.v4.app.NavUtils$NavUtilsImpl
android.support.v4.app.NavUtils$NavUtilsImplBase
android.support.v4.app.NavUtils$NavUtilsImplJB
android.support.v4.app.NavUtilsJB
android.support.v4.app.NotificationCompat
android.support.v4.app.NotificationCompat$Action
android.support.v4.app.NotificationCompat$BigPictureStyle
android.support.v4.app.NotificationCompat$BigTextStyle